# JRE version: OpenJDK Runtime Environment Temurin-21.0.7+6 (21.0.7+6) (build 21.0.7+6-LTS)
# Java VM: OpenJDK 64-Bit Server VM Temurin-21.0.7+6 (21.0.7+6-LTS, mixed mode, sharing, tiered, compressed oops, compressed class ptrs, parallel gc, windows-amd64)
GC Precious Log:
 CardTable entry size: 512
 CPUs: 8 total, 8 available
 Memory: 8013M
 Large Page Support: Disabled
 NUMA Support: Disabled
 Compressed Oops: Enabled (32-bit)
 Alignments: Space 512K, Generation 512K, Heap 2M
 Heap Min Capacity: 100M
 Heap Initial Capacity: 100M
 Heap Max Capacity: 2G
 Pre-touch: Disabled
 Parallel Workers: 8
Heap:
 PSYoungGen      total 14336K, used 10649K [0x00000000d5580000, 0x00000000d6880000, 0x0000000100000000)
  eden space 13824K, 74% used [0x00000000d5580000,0x00000000d5f7e140,0x00000000d6300000)
  from space 512K, 87% used [0x00000000d6800000,0x00000000d6870000,0x00000000d6880000)
  to   space 512K, 0% used [0x00000000d6780000,0x00000000d6780000,0x00000000d6800000)
 ParOldGen       total 120320K, used 119877K [0x0000000080000000, 0x0000000087580000, 0x00000000d5580000)
  object space 120320K, 99% used [0x0000000080000000,0x0000000087511758,0x0000000087580000)
 Metaspace       used 60278K, committed 61760K, reserved 1114112K
  class space    used 6244K, committed 6912K, reserved 1048576K
GC Heap History (20 events):
Event: 30.636 GC heap before
{Heap before GC invocations=86 (full 3):
 PSYoungGen      total 14848K, used 14829K [0x00000000d5580000, 0x00000000d6b00000, 0x0000000100000000)
  eden space 13824K, 100% used [0x00000000d5580000,0x00000000d6300000,0x00000000d6300000)
  from space 1024K, 98% used [0x00000000d6a00000,0x00000000d6afb770,0x00000000d6b00000)
  to   space 2560K, 0% used [0x00000000d6600000,0x00000000d6600000,0x00000000d6880000)
 ParOldGen       total 115200K, used 114831K [0x0000000080000000, 0x0000000087080000, 0x00000000d5580000)
  object space 115200K, 99% used [0x0000000080000000,0x0000000087023d98,0x0000000087080000)
 Metaspace       used 60163K, committed 61696K, reserved 1114112K
  class space    used 6239K, committed 6912K, reserved 1048576K
}
Event: 30.638 GC heap after
{Heap after GC invocations=86 (full 3):
 PSYoungGen      total 16384K, used 642K [0x00000000d5580000, 0x00000000d6a80000, 0x0000000100000000)
  eden space 13824K, 0% used [0x00000000d5580000,0x00000000d5580000,0x00000000d6300000)
  from space 2560K, 25% used [0x00000000d6600000,0x00000000d66a0940,0x00000000d6880000)
  to   space 1536K, 0% used [0x00000000d6900000,0x00000000d6900000,0x00000000d6a80000)
 ParOldGen       total 115712K, used 115302K [0x0000000080000000, 0x0000000087100000, 0x00000000d5580000)
  object space 115712K, 99% used [0x0000000080000000,0x0000000087099a68,0x0000000087100000)
 Metaspace       used 60163K, committed 61696K, reserved 1114112K
  class space    used 6239K, committed 6912K, reserved 1048576K
}
Event: 30.750 GC heap before
{Heap before GC invocations=87 (full 3):
 PSYoungGen      total 16384K, used 14466K [0x00000000d5580000, 0x00000000d6a80000, 0x0000000100000000)
  eden space 13824K, 100% used [0x00000000d5580000,0x00000000d6300000,0x00000000d6300000)
  from space 2560K, 25% used [0x00000000d6600000,0x00000000d66a0940,0x00000000d6880000)
  to   space 1536K, 0% used [0x00000000d6900000,0x00000000d6900000,0x00000000d6a80000)
 ParOldGen       total 115712K, used 115302K [0x0000000080000000, 0x0000000087100000, 0x00000000d5580000)
  object space 115712K, 99% used [0x0000000080000000,0x0000000087099a68,0x0000000087100000)
 Metaspace       used 60202K, committed 61696K, reserved 1114112K
  class space    used 6241K, committed 6912K, reserved 1048576K
}
Event: 30.753 GC heap after
{Heap after GC invocations=87 (full 3):
 PSYoungGen      total 14848K, used 944K [0x00000000d5580000, 0x00000000d6a00000, 0x0000000100000000)
  eden space 13824K, 0% used [0x00000000d5580000,0x00000000d5580000,0x00000000d6300000)
  from space 1024K, 92% used [0x00000000d6900000,0x00000000d69ec1c0,0x00000000d6a00000)
  to   space 1024K, 0% used [0x00000000d6800000,0x00000000d6800000,0x00000000d6900000)
 ParOldGen       total 116224K, used 115747K [0x0000000080000000, 0x0000000087180000, 0x00000000d5580000)
  object space 116224K, 99% used [0x0000000080000000,0x0000000087108f30,0x0000000087180000)
 Metaspace       used 60202K, committed 61696K, reserved 1114112K
  class space    used 6241K, committed 6912K, reserved 1048576K
}
Event: 30.783 GC heap before
{Heap before GC invocations=88 (full 3):
 PSYoungGen      total 14848K, used 14768K [0x00000000d5580000, 0x00000000d6a00000, 0x0000000100000000)
  eden space 13824K, 100% used [0x00000000d5580000,0x00000000d6300000,0x00000000d6300000)
  from space 1024K, 92% used [0x00000000d6900000,0x00000000d69ec1c0,0x00000000d6a00000)
  to   space 1024K, 0% used [0x00000000d6800000,0x00000000d6800000,0x00000000d6900000)
 ParOldGen       total 116224K, used 115747K [0x0000000080000000, 0x0000000087180000, 0x00000000d5580000)
  object space 116224K, 99% used [0x0000000080000000,0x0000000087108f30,0x0000000087180000)
 Metaspace       used 60206K, committed 61696K, reserved 1114112K
  class space    used 6241K, committed 6912K, reserved 1048576K
}
Event: 30.785 GC heap after
{Heap after GC invocations=88 (full 3):
 PSYoungGen      total 14336K, used 416K [0x00000000d5580000, 0x00000000d6980000, 0x0000000100000000)
  eden space 13824K, 0% used [0x00000000d5580000,0x00000000d5580000,0x00000000d6300000)
  from space 512K, 81% used [0x00000000d6800000,0x00000000d6868000,0x00000000d6880000)
  to   space 1024K, 0% used [0x00000000d6880000,0x00000000d6880000,0x00000000d6980000)
 ParOldGen       total 116736K, used 116502K [0x0000000080000000, 0x0000000087200000, 0x00000000d5580000)
  object space 116736K, 99% used [0x0000000080000000,0x00000000871c59f0,0x0000000087200000)
 Metaspace       used 60206K, committed 61696K, reserved 1114112K
  class space    used 6241K, committed 6912K, reserved 1048576K
}
Event: 30.809 GC heap before
{Heap before GC invocations=89 (full 3):
 PSYoungGen      total 14336K, used 14240K [0x00000000d5580000, 0x00000000d6980000, 0x0000000100000000)
  eden space 13824K, 100% used [0x00000000d5580000,0x00000000d6300000,0x00000000d6300000)
  from space 512K, 81% used [0x00000000d6800000,0x00000000d6868000,0x00000000d6880000)
  to   space 1024K, 0% used [0x00000000d6880000,0x00000000d6880000,0x00000000d6980000)
 ParOldGen       total 116736K, used 116502K [0x0000000080000000, 0x0000000087200000, 0x00000000d5580000)
  object space 116736K, 99% used [0x0000000080000000,0x00000000871c59f0,0x0000000087200000)
 Metaspace       used 60206K, committed 61696K, reserved 1114112K
  class space    used 6241K, committed 6912K, reserved 1048576K
}
Event: 30.810 GC heap after
{Heap after GC invocations=89 (full 3):
 PSYoungGen      total 14336K, used 384K [0x00000000d5580000, 0x00000000d6900000, 0x0000000100000000)
  eden space 13824K, 0% used [0x00000000d5580000,0x00000000d5580000,0x00000000d6300000)
  from space 512K, 75% used [0x00000000d6880000,0x00000000d68e0000,0x00000000d6900000)
  to   space 512K, 0% used [0x00000000d6800000,0x00000000d6800000,0x00000000d6880000)
 ParOldGen       total 117248K, used 116783K [0x0000000080000000, 0x0000000087280000, 0x00000000d5580000)
  object space 117248K, 99% used [0x0000000080000000,0x000000008720be78,0x0000000087280000)
 Metaspace       used 60206K, committed 61696K, reserved 1114112K
  class space    used 6241K, committed 6912K, reserved 1048576K
}
Event: 30.836 GC heap before
{Heap before GC invocations=90 (full 3):
 PSYoungGen      total 14336K, used 14208K [0x00000000d5580000, 0x00000000d6900000, 0x0000000100000000)
  eden space 13824K, 100% used [0x00000000d5580000,0x00000000d6300000,0x00000000d6300000)
  from space 512K, 75% used [0x00000000d6880000,0x00000000d68e0000,0x00000000d6900000)
  to   space 512K, 0% used [0x00000000d6800000,0x00000000d6800000,0x00000000d6880000)
 ParOldGen       total 117248K, used 116783K [0x0000000080000000, 0x0000000087280000, 0x00000000d5580000)
  object space 117248K, 99% used [0x0000000080000000,0x000000008720be78,0x0000000087280000)
 Metaspace       used 60206K, committed 61696K, reserved 1114112K
  class space    used 6241K, committed 6912K, reserved 1048576K
}
Event: 30.837 GC heap after
{Heap after GC invocations=90 (full 3):
 PSYoungGen      total 14336K, used 480K [0x00000000d5580000, 0x00000000d6900000, 0x0000000100000000)
  eden space 13824K, 0% used [0x00000000d5580000,0x00000000d5580000,0x00000000d6300000)
  from space 512K, 93% used [0x00000000d6800000,0x00000000d6878000,0x00000000d6880000)
  to   space 512K, 0% used [0x00000000d6880000,0x00000000d6880000,0x00000000d6900000)
 ParOldGen       total 117248K, used 117063K [0x0000000080000000, 0x0000000087280000, 0x00000000d5580000)
  object space 117248K, 99% used [0x0000000080000000,0x0000000087251e78,0x0000000087280000)
 Metaspace       used 60206K, committed 61696K, reserved 1114112K
  class space    used 6241K, committed 6912K, reserved 1048576K
}
Event: 30.880 GC heap before
{Heap before GC invocations=91 (full 3):
 PSYoungGen      total 14336K, used 14304K [0x00000000d5580000, 0x00000000d6900000, 0x0000000100000000)
  eden space 13824K, 100% used [0x00000000d5580000,0x00000000d6300000,0x00000000d6300000)
  from space 512K, 93% used [0x00000000d6800000,0x00000000d6878000,0x00000000d6880000)
  to   space 512K, 0% used [0x00000000d6880000,0x00000000d6880000,0x00000000d6900000)
 ParOldGen       total 117248K, used 117063K [0x0000000080000000, 0x0000000087280000, 0x00000000d5580000)
  object space 117248K, 99% used [0x0000000080000000,0x0000000087251e78,0x0000000087280000)
 Metaspace       used 60208K, committed 61696K, reserved 1114112K
  class space    used 6241K, committed 6912K, reserved 1048576K
}
Event: 30.881 GC heap after
{Heap after GC invocations=91 (full 3):
 PSYoungGen      total 14336K, used 512K [0x00000000d5580000, 0x00000000d6900000, 0x0000000100000000)
  eden space 13824K, 0% used [0x00000000d5580000,0x00000000d5580000,0x00000000d6300000)
  from space 512K, 100% used [0x00000000d6880000,0x00000000d6900000,0x00000000d6900000)
  to   space 1024K, 0% used [0x00000000d6700000,0x00000000d6700000,0x00000000d6800000)
 ParOldGen       total 117760K, used 117471K [0x0000000080000000, 0x0000000087300000, 0x00000000d5580000)
  object space 117760K, 99% used [0x0000000080000000,0x00000000872b7e78,0x0000000087300000)
 Metaspace       used 60208K, committed 61696K, reserved 1114112K
  class space    used 6241K, committed 6912K, reserved 1048576K
}
Event: 30.902 GC heap before
{Heap before GC invocations=92 (full 3):
 PSYoungGen      total 14336K, used 14336K [0x00000000d5580000, 0x00000000d6900000, 0x0000000100000000)
  eden space 13824K, 100% used [0x00000000d5580000,0x00000000d6300000,0x00000000d6300000)
  from space 512K, 100% used [0x00000000d6880000,0x00000000d6900000,0x00000000d6900000)
  to   space 1024K, 0% used [0x00000000d6700000,0x00000000d6700000,0x00000000d6800000)
 ParOldGen       total 117760K, used 117471K [0x0000000080000000, 0x0000000087300000, 0x00000000d5580000)
  object space 117760K, 99% used [0x0000000080000000,0x00000000872b7e78,0x0000000087300000)
 Metaspace       used 60210K, committed 61696K, reserved 1114112K
  class space    used 6241K, committed 6912K, reserved 1048576K
}
Event: 30.904 GC heap after
{Heap after GC invocations=92 (full 3):
 PSYoungGen      total 14848K, used 960K [0x00000000d5580000, 0x00000000d6900000, 0x0000000100000000)
  eden space 13824K, 0% used [0x00000000d5580000,0x00000000d5580000,0x00000000d6300000)
  from space 1024K, 93% used [0x00000000d6700000,0x00000000d67f0000,0x00000000d6800000)
  to   space 1024K, 0% used [0x00000000d6800000,0x00000000d6800000,0x00000000d6900000)
 ParOldGen       total 118272K, used 117897K [0x0000000080000000, 0x0000000087380000, 0x00000000d5580000)
  object space 118272K, 99% used [0x0000000080000000,0x0000000087322738,0x0000000087380000)
 Metaspace       used 60210K, committed 61696K, reserved 1114112K
  class space    used 6241K, committed 6912K, reserved 1048576K
}
Event: 30.934 GC heap before
{Heap before GC invocations=93 (full 3):
 PSYoungGen      total 14848K, used 14784K [0x00000000d5580000, 0x00000000d6900000, 0x0000000100000000)
  eden space 13824K, 100% used [0x00000000d5580000,0x00000000d6300000,0x00000000d6300000)
  from space 1024K, 93% used [0x00000000d6700000,0x00000000d67f0000,0x00000000d6800000)
  to   space 1024K, 0% used [0x00000000d6800000,0x00000000d6800000,0x00000000d6900000)
 ParOldGen       total 118272K, used 117897K [0x0000000080000000, 0x0000000087380000, 0x00000000d5580000)
  object space 118272K, 99% used [0x0000000080000000,0x0000000087322738,0x0000000087380000)
 Metaspace       used 60213K, committed 61696K, reserved 1114112K
  class space    used 6241K, committed 6912K, reserved 1048576K
}
Event: 30.936 GC heap after
{Heap after GC invocations=93 (full 3):
 PSYoungGen      total 14336K, used 480K [0x00000000d5580000, 0x00000000d6880000, 0x0000000100000000)
  eden space 13824K, 0% used [0x00000000d5580000,0x00000000d5580000,0x00000000d6300000)
  from space 512K, 93% used [0x00000000d6800000,0x00000000d6878000,0x00000000d6880000)
  to   space 1024K, 0% used [0x00000000d6680000,0x00000000d6680000,0x00000000d6780000)
 ParOldGen       total 118784K, used 118745K [0x0000000080000000, 0x0000000087400000, 0x00000000d5580000)
  object space 118784K, 99% used [0x0000000080000000,0x00000000873f6748,0x0000000087400000)
 Metaspace       used 60213K, committed 61696K, reserved 1114112K
  class space    used 6241K, committed 6912K, reserved 1048576K
}
Event: 30.977 GC heap before
{Heap before GC invocations=94 (full 3):
 PSYoungGen      total 14336K, used 14304K [0x00000000d5580000, 0x00000000d6880000, 0x0000000100000000)
  eden space 13824K, 100% used [0x00000000d5580000,0x00000000d6300000,0x00000000d6300000)
  from space 512K, 93% used [0x00000000d6800000,0x00000000d6878000,0x00000000d6880000)
  to   space 1024K, 0% used [0x00000000d6680000,0x00000000d6680000,0x00000000d6780000)
 ParOldGen       total 118784K, used 118745K [0x0000000080000000, 0x0000000087400000, 0x00000000d5580000)
  object space 118784K, 99% used [0x0000000080000000,0x00000000873f6748,0x0000000087400000)
 Metaspace       used 60226K, committed 61696K, reserved 1114112K
  class space    used 6241K, committed 6912K, reserved 1048576K
}
Event: 30.979 GC heap after
{Heap after GC invocations=94 (full 3):
 PSYoungGen      total 14848K, used 448K [0x00000000d5580000, 0x00000000d6880000, 0x0000000100000000)
  eden space 13824K, 0% used [0x00000000d5580000,0x00000000d5580000,0x00000000d6300000)
  from space 1024K, 43% used [0x00000000d6680000,0x00000000d66f0000,0x00000000d6780000)
  to   space 512K, 0% used [0x00000000d6800000,0x00000000d6800000,0x00000000d6880000)
 ParOldGen       total 119296K, used 119089K [0x0000000080000000, 0x0000000087480000, 0x00000000d5580000)
  object space 119296K, 99% used [0x0000000080000000,0x000000008744c748,0x0000000087480000)
 Metaspace       used 60226K, committed 61696K, reserved 1114112K
  class space    used 6241K, committed 6912K, reserved 1048576K
}
Event: 31.038 GC heap before
{Heap before GC invocations=95 (full 3):
 PSYoungGen      total 14848K, used 14272K [0x00000000d5580000, 0x00000000d6880000, 0x0000000100000000)
  eden space 13824K, 100% used [0x00000000d5580000,0x00000000d6300000,0x00000000d6300000)
  from space 1024K, 43% used [0x00000000d6680000,0x00000000d66f0000,0x00000000d6780000)
  to   space 512K, 0% used [0x00000000d6800000,0x00000000d6800000,0x00000000d6880000)
 ParOldGen       total 119296K, used 119089K [0x0000000080000000, 0x0000000087480000, 0x00000000d5580000)
  object space 119296K, 99% used [0x0000000080000000,0x000000008744c748,0x0000000087480000)
 Metaspace       used 60232K, committed 61760K, reserved 1114112K
  class space    used 6241K, committed 6912K, reserved 1048576K
}
Event: 31.041 GC heap after
{Heap after GC invocations=95 (full 3):
 PSYoungGen      total 14336K, used 416K [0x00000000d5580000, 0x00000000d6880000, 0x0000000100000000)
  eden space 13824K, 0% used [0x00000000d5580000,0x00000000d5580000,0x00000000d6300000)
  from space 512K, 81% used [0x00000000d6800000,0x00000000d6868000,0x00000000d6880000)
  to   space 512K, 0% used [0x00000000d6780000,0x00000000d6780000,0x00000000d6800000)
 ParOldGen       total 119808K, used 119385K [0x0000000080000000, 0x0000000087500000, 0x00000000d5580000)
  object space 119808K, 99% used [0x0000000080000000,0x0000000087496748,0x0000000087500000)
 Metaspace       used 60232K, committed 61760K, reserved 1114112K
  class space    used 6241K, committed 6912K, reserved 1048576K
}

