# JRE version: OpenJDK Runtime Environment Temurin-21.0.7+6 (21.0.7+6) (build 21.0.7+6-LTS)
# Java VM: OpenJDK 64-Bit Server VM Temurin-21.0.7+6 (21.0.7+6-LTS, mixed mode, sharing, tiered, compressed oops, compressed class ptrs, parallel gc, windows-amd64)
GC Precious Log:
 CardTable entry size: 512
 CPUs: 8 total, 8 available
 Memory: 8013M
 Large Page Support: Disabled
 NUMA Support: Disabled
 Compressed Oops: Enabled (32-bit)
 Alignments: Space 512K, Generation 512K, Heap 2M
 Heap Min Capacity: 100M
 Heap Initial Capacity: 100M
 Heap Max Capacity: 2G
 Pre-touch: Disabled
 Parallel Workers: 8
Heap:
 PSYoungGen      total 19968K, used 19256K [0x00000000d5580000, 0x00000000d6c80000, 0x0000000100000000)
  eden space 19456K, 96% used [0x00000000d5580000,0x00000000d67d1fb0,0x00000000d6880000)
  from space 512K, 97% used [0x00000000d6900000,0x00000000d697c2d8,0x00000000d6980000)
  to   space 2048K, 0% used [0x00000000d6a80000,0x00000000d6a80000,0x00000000d6c80000)
 ParOldGen       total 68608K, used 68480K [0x0000000080000000, 0x0000000084300000, 0x00000000d5580000)
  object space 68608K, 99% used [0x0000000080000000,0x00000000842e0180,0x0000000084300000)
 Metaspace       used 62286K, committed 63808K, reserved 1114112K
  class space    used 6477K, committed 7168K, reserved 1048576K
GC Heap History (20 events):
Event: 11.373 GC heap before
{Heap before GC invocations=63 (full 3):
 PSYoungGen      total 20992K, used 20480K [0x00000000d5580000, 0x00000000d6b80000, 0x0000000100000000)
  eden space 19456K, 100% used [0x00000000d5580000,0x00000000d6880000,0x00000000d6880000)
  from space 1536K, 66% used [0x00000000d6880000,0x00000000d6980000,0x00000000d6a00000)
  to   space 1536K, 0% used [0x00000000d6a00000,0x00000000d6a00000,0x00000000d6b80000)
 ParOldGen       total 68608K, used 62048K [0x0000000080000000, 0x0000000084300000, 0x00000000d5580000)
  object space 68608K, 90% used [0x0000000080000000,0x0000000083c981b8,0x0000000084300000)
 Metaspace       used 59097K, committed 60544K, reserved 1114112K
  class space    used 6141K, committed 6848K, reserved 1048576K
}
Event: 11.376 GC heap after
{Heap after GC invocations=63 (full 3):
 PSYoungGen      total 20480K, used 753K [0x00000000d5580000, 0x00000000d6b00000, 0x0000000100000000)
  eden space 19456K, 0% used [0x00000000d5580000,0x00000000d5580000,0x00000000d6880000)
  from space 1024K, 73% used [0x00000000d6a00000,0x00000000d6abc400,0x00000000d6b00000)
  to   space 1024K, 0% used [0x00000000d6900000,0x00000000d6900000,0x00000000d6a00000)
 ParOldGen       total 68608K, used 62903K [0x0000000080000000, 0x0000000084300000, 0x00000000d5580000)
  object space 68608K, 91% used [0x0000000080000000,0x0000000083d6dc50,0x0000000084300000)
 Metaspace       used 59097K, committed 60544K, reserved 1114112K
  class space    used 6141K, committed 6848K, reserved 1048576K
}
Event: 11.521 GC heap before
{Heap before GC invocations=64 (full 3):
 PSYoungGen      total 20480K, used 20209K [0x00000000d5580000, 0x00000000d6b00000, 0x0000000100000000)
  eden space 19456K, 100% used [0x00000000d5580000,0x00000000d6880000,0x00000000d6880000)
  from space 1024K, 73% used [0x00000000d6a00000,0x00000000d6abc400,0x00000000d6b00000)
  to   space 1024K, 0% used [0x00000000d6900000,0x00000000d6900000,0x00000000d6a00000)
 ParOldGen       total 68608K, used 62903K [0x0000000080000000, 0x0000000084300000, 0x00000000d5580000)
  object space 68608K, 91% used [0x0000000080000000,0x0000000083d6dc50,0x0000000084300000)
 Metaspace       used 59138K, committed 60608K, reserved 1114112K
  class space    used 6141K, committed 6848K, reserved 1048576K
}
Event: 11.523 GC heap after
{Heap after GC invocations=64 (full 3):
 PSYoungGen      total 20480K, used 544K [0x00000000d5580000, 0x00000000d6a80000, 0x0000000100000000)
  eden space 19456K, 0% used [0x00000000d5580000,0x00000000d5580000,0x00000000d6880000)
  from space 1024K, 53% used [0x00000000d6900000,0x00000000d6988000,0x00000000d6a00000)
  to   space 512K, 0% used [0x00000000d6a00000,0x00000000d6a00000,0x00000000d6a80000)
 ParOldGen       total 68608K, used 63528K [0x0000000080000000, 0x0000000084300000, 0x00000000d5580000)
  object space 68608K, 92% used [0x0000000080000000,0x0000000083e0a060,0x0000000084300000)
 Metaspace       used 59138K, committed 60608K, reserved 1114112K
  class space    used 6141K, committed 6848K, reserved 1048576K
}
Event: 11.609 GC heap before
{Heap before GC invocations=65 (full 3):
 PSYoungGen      total 20480K, used 20000K [0x00000000d5580000, 0x00000000d6a80000, 0x0000000100000000)
  eden space 19456K, 100% used [0x00000000d5580000,0x00000000d6880000,0x00000000d6880000)
  from space 1024K, 53% used [0x00000000d6900000,0x00000000d6988000,0x00000000d6a00000)
  to   space 512K, 0% used [0x00000000d6a00000,0x00000000d6a00000,0x00000000d6a80000)
 ParOldGen       total 68608K, used 63528K [0x0000000080000000, 0x0000000084300000, 0x00000000d5580000)
  object space 68608K, 92% used [0x0000000080000000,0x0000000083e0a060,0x0000000084300000)
 Metaspace       used 59153K, committed 60608K, reserved 1114112K
  class space    used 6141K, committed 6848K, reserved 1048576K
}
Event: 11.611 GC heap after
{Heap after GC invocations=65 (full 3):
 PSYoungGen      total 19968K, used 512K [0x00000000d5580000, 0x00000000d6a80000, 0x0000000100000000)
  eden space 19456K, 0% used [0x00000000d5580000,0x00000000d5580000,0x00000000d6880000)
  from space 512K, 100% used [0x00000000d6a00000,0x00000000d6a80000,0x00000000d6a80000)
  to   space 1024K, 0% used [0x00000000d6880000,0x00000000d6880000,0x00000000d6980000)
 ParOldGen       total 68608K, used 63944K [0x0000000080000000, 0x0000000084300000, 0x00000000d5580000)
  object space 68608K, 93% used [0x0000000080000000,0x0000000083e72060,0x0000000084300000)
 Metaspace       used 59153K, committed 60608K, reserved 1114112K
  class space    used 6141K, committed 6848K, reserved 1048576K
}
Event: 11.680 GC heap before
{Heap before GC invocations=66 (full 3):
 PSYoungGen      total 19968K, used 19968K [0x00000000d5580000, 0x00000000d6a80000, 0x0000000100000000)
  eden space 19456K, 100% used [0x00000000d5580000,0x00000000d6880000,0x00000000d6880000)
  from space 512K, 100% used [0x00000000d6a00000,0x00000000d6a80000,0x00000000d6a80000)
  to   space 1024K, 0% used [0x00000000d6880000,0x00000000d6880000,0x00000000d6980000)
 ParOldGen       total 68608K, used 63944K [0x0000000080000000, 0x0000000084300000, 0x00000000d5580000)
  object space 68608K, 93% used [0x0000000080000000,0x0000000083e72060,0x0000000084300000)
 Metaspace       used 59171K, committed 60608K, reserved 1114112K
  class space    used 6141K, committed 6848K, reserved 1048576K
}
Event: 11.682 GC heap after
{Heap after GC invocations=66 (full 3):
 PSYoungGen      total 20480K, used 640K [0x00000000d5580000, 0x00000000d6a80000, 0x0000000100000000)
  eden space 19456K, 0% used [0x00000000d5580000,0x00000000d5580000,0x00000000d6880000)
  from space 1024K, 62% used [0x00000000d6880000,0x00000000d6920000,0x00000000d6980000)
  to   space 1024K, 0% used [0x00000000d6980000,0x00000000d6980000,0x00000000d6a80000)
 ParOldGen       total 68608K, used 64336K [0x0000000080000000, 0x0000000084300000, 0x00000000d5580000)
  object space 68608K, 93% used [0x0000000080000000,0x0000000083ed4060,0x0000000084300000)
 Metaspace       used 59171K, committed 60608K, reserved 1114112K
  class space    used 6141K, committed 6848K, reserved 1048576K
}
Event: 11.947 GC heap before
{Heap before GC invocations=67 (full 3):
 PSYoungGen      total 20480K, used 20096K [0x00000000d5580000, 0x00000000d6a80000, 0x0000000100000000)
  eden space 19456K, 100% used [0x00000000d5580000,0x00000000d6880000,0x00000000d6880000)
  from space 1024K, 62% used [0x00000000d6880000,0x00000000d6920000,0x00000000d6980000)
  to   space 1024K, 0% used [0x00000000d6980000,0x00000000d6980000,0x00000000d6a80000)
 ParOldGen       total 68608K, used 64336K [0x0000000080000000, 0x0000000084300000, 0x00000000d5580000)
  object space 68608K, 93% used [0x0000000080000000,0x0000000083ed4060,0x0000000084300000)
 Metaspace       used 59524K, committed 60992K, reserved 1114112K
  class space    used 6176K, committed 6912K, reserved 1048576K
}
Event: 11.951 GC heap after
{Heap after GC invocations=67 (full 3):
 PSYoungGen      total 20480K, used 913K [0x00000000d5580000, 0x00000000d6a80000, 0x0000000100000000)
  eden space 19456K, 0% used [0x00000000d5580000,0x00000000d5580000,0x00000000d6880000)
  from space 1024K, 89% used [0x00000000d6980000,0x00000000d6a64418,0x00000000d6a80000)
  to   space 1024K, 0% used [0x00000000d6880000,0x00000000d6880000,0x00000000d6980000)
 ParOldGen       total 68608K, used 64760K [0x0000000080000000, 0x0000000084300000, 0x00000000d5580000)
  object space 68608K, 94% used [0x0000000080000000,0x0000000083f3e060,0x0000000084300000)
 Metaspace       used 59524K, committed 60992K, reserved 1114112K
  class space    used 6176K, committed 6912K, reserved 1048576K
}
Event: 12.132 GC heap before
{Heap before GC invocations=68 (full 3):
 PSYoungGen      total 20480K, used 20369K [0x00000000d5580000, 0x00000000d6a80000, 0x0000000100000000)
  eden space 19456K, 100% used [0x00000000d5580000,0x00000000d6880000,0x00000000d6880000)
  from space 1024K, 89% used [0x00000000d6980000,0x00000000d6a64418,0x00000000d6a80000)
  to   space 1024K, 0% used [0x00000000d6880000,0x00000000d6880000,0x00000000d6980000)
 ParOldGen       total 68608K, used 64760K [0x0000000080000000, 0x0000000084300000, 0x00000000d5580000)
  object space 68608K, 94% used [0x0000000080000000,0x0000000083f3e060,0x0000000084300000)
 Metaspace       used 59553K, committed 61056K, reserved 1114112K
  class space    used 6180K, committed 6912K, reserved 1048576K
}
Event: 12.136 GC heap after
{Heap after GC invocations=68 (full 3):
 PSYoungGen      total 20480K, used 615K [0x00000000d5580000, 0x00000000d6a80000, 0x0000000100000000)
  eden space 19456K, 0% used [0x00000000d5580000,0x00000000d5580000,0x00000000d6880000)
  from space 1024K, 60% used [0x00000000d6880000,0x00000000d6919cd8,0x00000000d6980000)
  to   space 1024K, 0% used [0x00000000d6980000,0x00000000d6980000,0x00000000d6a80000)
 ParOldGen       total 68608K, used 66275K [0x0000000080000000, 0x0000000084300000, 0x00000000d5580000)
  object space 68608K, 96% used [0x0000000080000000,0x00000000840b8ed8,0x0000000084300000)
 Metaspace       used 59553K, committed 61056K, reserved 1114112K
  class space    used 6180K, committed 6912K, reserved 1048576K
}
Event: 13.499 GC heap before
{Heap before GC invocations=69 (full 3):
 PSYoungGen      total 20480K, used 20071K [0x00000000d5580000, 0x00000000d6a80000, 0x0000000100000000)
  eden space 19456K, 100% used [0x00000000d5580000,0x00000000d6880000,0x00000000d6880000)
  from space 1024K, 60% used [0x00000000d6880000,0x00000000d6919cd8,0x00000000d6980000)
  to   space 1024K, 0% used [0x00000000d6980000,0x00000000d6980000,0x00000000d6a80000)
 ParOldGen       total 68608K, used 66275K [0x0000000080000000, 0x0000000084300000, 0x00000000d5580000)
  object space 68608K, 96% used [0x0000000080000000,0x00000000840b8ed8,0x0000000084300000)
 Metaspace       used 59608K, committed 61184K, reserved 1114112K
  class space    used 6181K, committed 6912K, reserved 1048576K
}
Event: 13.500 GC heap after
{Heap after GC invocations=69 (full 3):
 PSYoungGen      total 20480K, used 692K [0x00000000d5580000, 0x00000000d6a80000, 0x0000000100000000)
  eden space 19456K, 0% used [0x00000000d5580000,0x00000000d5580000,0x00000000d6880000)
  from space 1024K, 67% used [0x00000000d6980000,0x00000000d6a2d2e0,0x00000000d6a80000)
  to   space 1024K, 0% used [0x00000000d6880000,0x00000000d6880000,0x00000000d6980000)
 ParOldGen       total 68608K, used 66738K [0x0000000080000000, 0x0000000084300000, 0x00000000d5580000)
  object space 68608K, 97% used [0x0000000080000000,0x000000008412ca20,0x0000000084300000)
 Metaspace       used 59608K, committed 61184K, reserved 1114112K
  class space    used 6181K, committed 6912K, reserved 1048576K
}
Event: 13.530 GC heap before
{Heap before GC invocations=70 (full 3):
 PSYoungGen      total 20480K, used 20148K [0x00000000d5580000, 0x00000000d6a80000, 0x0000000100000000)
  eden space 19456K, 100% used [0x00000000d5580000,0x00000000d6880000,0x00000000d6880000)
  from space 1024K, 67% used [0x00000000d6980000,0x00000000d6a2d2e0,0x00000000d6a80000)
  to   space 1024K, 0% used [0x00000000d6880000,0x00000000d6880000,0x00000000d6980000)
 ParOldGen       total 68608K, used 66738K [0x0000000080000000, 0x0000000084300000, 0x00000000d5580000)
  object space 68608K, 97% used [0x0000000080000000,0x000000008412ca20,0x0000000084300000)
 Metaspace       used 59608K, committed 61184K, reserved 1114112K
  class space    used 6181K, committed 6912K, reserved 1048576K
}
Event: 13.532 GC heap after
{Heap after GC invocations=70 (full 3):
 PSYoungGen      total 20480K, used 427K [0x00000000d5580000, 0x00000000d6a80000, 0x0000000100000000)
  eden space 19456K, 0% used [0x00000000d5580000,0x00000000d5580000,0x00000000d6880000)
  from space 1024K, 41% used [0x00000000d6880000,0x00000000d68eafb0,0x00000000d6980000)
  to   space 1024K, 0% used [0x00000000d6980000,0x00000000d6980000,0x00000000d6a80000)
 ParOldGen       total 68608K, used 67276K [0x0000000080000000, 0x0000000084300000, 0x00000000d5580000)
  object space 68608K, 98% used [0x0000000080000000,0x00000000841b32c8,0x0000000084300000)
 Metaspace       used 59608K, committed 61184K, reserved 1114112K
  class space    used 6181K, committed 6912K, reserved 1048576K
}
Event: 13.599 GC heap before
{Heap before GC invocations=71 (full 3):
 PSYoungGen      total 20480K, used 19883K [0x00000000d5580000, 0x00000000d6a80000, 0x0000000100000000)
  eden space 19456K, 100% used [0x00000000d5580000,0x00000000d6880000,0x00000000d6880000)
  from space 1024K, 41% used [0x00000000d6880000,0x00000000d68eafb0,0x00000000d6980000)
  to   space 1024K, 0% used [0x00000000d6980000,0x00000000d6980000,0x00000000d6a80000)
 ParOldGen       total 68608K, used 67276K [0x0000000080000000, 0x0000000084300000, 0x00000000d5580000)
  object space 68608K, 98% used [0x0000000080000000,0x00000000841b32c8,0x0000000084300000)
 Metaspace       used 59609K, committed 61184K, reserved 1114112K
  class space    used 6181K, committed 6912K, reserved 1048576K
}
Event: 13.600 GC heap after
{Heap after GC invocations=71 (full 3):
 PSYoungGen      total 19968K, used 416K [0x00000000d5580000, 0x00000000d6a00000, 0x0000000100000000)
  eden space 19456K, 0% used [0x00000000d5580000,0x00000000d5580000,0x00000000d6880000)
  from space 512K, 81% used [0x00000000d6980000,0x00000000d69e8000,0x00000000d6a00000)
  to   space 512K, 0% used [0x00000000d6900000,0x00000000d6900000,0x00000000d6980000)
 ParOldGen       total 68608K, used 67536K [0x0000000080000000, 0x0000000084300000, 0x00000000d5580000)
  object space 68608K, 98% used [0x0000000080000000,0x00000000841f4280,0x0000000084300000)
 Metaspace       used 59609K, committed 61184K, reserved 1114112K
  class space    used 6181K, committed 6912K, reserved 1048576K
}
Event: 13.908 GC heap before
{Heap before GC invocations=72 (full 3):
 PSYoungGen      total 19968K, used 19872K [0x00000000d5580000, 0x00000000d6a00000, 0x0000000100000000)
  eden space 19456K, 100% used [0x00000000d5580000,0x00000000d6880000,0x00000000d6880000)
  from space 512K, 81% used [0x00000000d6980000,0x00000000d69e8000,0x00000000d6a00000)
  to   space 512K, 0% used [0x00000000d6900000,0x00000000d6900000,0x00000000d6980000)
 ParOldGen       total 68608K, used 67536K [0x0000000080000000, 0x0000000084300000, 0x00000000d5580000)
  object space 68608K, 98% used [0x0000000080000000,0x00000000841f4280,0x0000000084300000)
 Metaspace       used 60808K, committed 62272K, reserved 1114112K
  class space    used 6310K, committed 6976K, reserved 1048576K
}
Event: 13.912 GC heap after
{Heap after GC invocations=72 (full 3):
 PSYoungGen      total 19968K, used 496K [0x00000000d5580000, 0x00000000d6c80000, 0x0000000100000000)
  eden space 19456K, 0% used [0x00000000d5580000,0x00000000d5580000,0x00000000d6880000)
  from space 512K, 97% used [0x00000000d6900000,0x00000000d697c2d8,0x00000000d6980000)
  to   space 2048K, 0% used [0x00000000d6a80000,0x00000000d6a80000,0x00000000d6c80000)
 ParOldGen       total 68608K, used 68480K [0x0000000080000000, 0x0000000084300000, 0x00000000d5580000)
  object space 68608K, 99% used [0x0000000080000000,0x00000000842e0180,0x0000000084300000)
 Metaspace       used 60808K, committed 62272K, reserved 1114112K
  class space    used 6310K, committed 6976K, reserved 1048576K
}

